-------------------------------------------------------------------------------
Test set: com.vytrack.runners.CukesRunner
-------------------------------------------------------------------------------
Tests run: 3, Failures: 1, Errors: 0, Skipped: 0, Time elapsed: 48.871 s <<< FAILURE! - in com.vytrack.runners.CukesRunner
Sales manager user(Account Types)  Time elapsed: 17.592 s  <<< FAILURE!
java.lang.AssertionError

